<?xml version="1.0" encoding="UTF-8"?>
<!-- Generated by org.testng.reporters.JUnitXMLReporter -->
<testsuite ignored="0" hostname="MACMD770" failures="1" tests="1" name="Default test" time="33.743" errors="0" timestamp="2025-02-14T11:35:14 IST">
  <testcase classname="io.cucumber.testng.AbstractTestNGCucumberTests" name="runScenario" time="31.086">
    <failure type="java.lang.NullPointerException" message="Cannot invoke &amp;quot;org.openqa.selenium.JavascriptExecutor.executeScript(String, Object[])&amp;quot; because &amp;quot;this.Jv&amp;quot; is null">
      <![CDATA[java.lang.NullPointerException: Cannot invoke "org.openqa.selenium.JavascriptExecutor.executeScript(String, Object[])" because "this.Jv" is null
at Page_Object_Modul.MStock_Login_page.Scrolling(MStock_Login_page.java:213)
at MStockStep.Mstock_login_Step.verify_the_refer_and_earn(Mstock_login_Step.java:118)
at ✽.verify the refer and Earn(file:///C:/Users/vivek.nityo/git/New%20folder/MStock_Web/src/main/resources/MStockFeature/MStocklogin.feature:23)
]]>
    </failure>
  </testcase> <!-- runScenario -->
</testsuite> <!-- Default test -->
