<?xml version="1.0" encoding="UTF-8"?>
<testng-results ignored="0" total="1" passed="0" failed="1" skipped="0">
  <reporter-output>
  </reporter-output>
  <suite started-at="2025-02-14T11:34:40 IST" name="Default suite" finished-at="2025-02-14T11:35:14 IST" duration-ms="33743">
    <groups>
      <group name="cucumber">
        <method signature="AbstractTestNGCucumberTests.runScenario(io.cucumber.testng.PickleWrapper,io.cucumber.testng.FeatureWrapper)[pri:0, instance:runner.Mstock@4e50c791]" name="runScenario" class="io.cucumber.testng.AbstractTestNGCucumberTests"/>
      </group> <!-- cucumber -->
    </groups>
    <test started-at="2025-02-14T11:34:40 IST" name="Default test" finished-at="2025-02-14T11:35:14 IST" duration-ms="33743">
      <class name="runner.Mstock">
        <test-method is-config="true" signature="setUpClass(org.testng.ITestContext)[pri:0, instance:runner.Mstock@4e50c791]" started-at="2025-02-14T11:34:40 IST" name="setUpClass" finished-at="2025-02-14T11:34:40 IST" duration-ms="439" status="PASS">
          <params>
            <param index="0">
              <value>
                <![CDATA[org.testng.TestRunner@25d911a]]>
              </value>
            </param>
          </params>
          <reporter-output>
          </reporter-output>
        </test-method> <!-- setUpClass -->
        <test-method signature="runScenario(io.cucumber.testng.PickleWrapper,io.cucumber.testng.FeatureWrapper)[pri:0, instance:runner.Mstock@4e50c791]" started-at="2025-02-14T11:34:40 IST" name="runScenario" description="Runs Cucumber Scenarios" data-provider="scenarios" finished-at="2025-02-14T11:35:11 IST" duration-ms="31086" status="FAIL">
          <params>
            <param index="0">
              <value>
                <![CDATA["To Validate the Mstock Login with valid credentials"]]>
              </value>
            </param>
            <param index="1">
              <value>
                <![CDATA["MStock Login functionality"]]>
              </value>
            </param>
          </params>
          <exception class="java.lang.NullPointerException">
            <message>
              <![CDATA[Cannot invoke "org.openqa.selenium.JavascriptExecutor.executeScript(String, Object[])" because "this.Jv" is null]]>
            </message>
            <full-stacktrace>
              <![CDATA[java.lang.NullPointerException: Cannot invoke "org.openqa.selenium.JavascriptExecutor.executeScript(String, Object[])" because "this.Jv" is null
at Page_Object_Modul.MStock_Login_page.Scrolling(MStock_Login_page.java:213)
at MStockStep.Mstock_login_Step.verify_the_refer_and_earn(Mstock_login_Step.java:118)
at ✽.verify the refer and Earn(file:///C:/Users/vivek.nityo/git/New%20folder/MStock_Web/src/main/resources/MStockFeature/MStocklogin.feature:23)
]]>
            </full-stacktrace>
          </exception> <!-- java.lang.NullPointerException -->
          <reporter-output>
          </reporter-output>
        </test-method> <!-- runScenario -->
        <test-method is-config="true" signature="tearDownClass()[pri:0, instance:runner.Mstock@4e50c791]" started-at="2025-02-14T11:35:11 IST" name="tearDownClass" finished-at="2025-02-14T11:35:14 IST" duration-ms="2197" status="PASS">
          <reporter-output>
          </reporter-output>
        </test-method> <!-- tearDownClass -->
      </class> <!-- runner.Mstock -->
    </test> <!-- Default test -->
  </suite> <!-- Default suite -->
</testng-results>
