<?xml version="1.0" encoding="UTF-8"?>
<testng-results ignored="0" total="1" passed="1" failed="0" skipped="0">
  <reporter-output>
  </reporter-output>
  <suite started-at="2025-02-21T17:36:37 IST" name="Default suite" finished-at="2025-02-21T17:37:48 IST" duration-ms="71155">
    <groups>
      <group name="cucumber">
        <method signature="AbstractTestNGCucumberTests.runScenario(io.cucumber.testng.PickleWrapper,io.cucumber.testng.FeatureWrapper)[pri:0, instance:runner.Mstock@4e50c791]" name="runScenario" class="io.cucumber.testng.AbstractTestNGCucumberTests"/>
      </group> <!-- cucumber -->
    </groups>
    <test started-at="2025-02-21T17:36:37 IST" name="Default test" finished-at="2025-02-21T17:37:48 IST" duration-ms="71155">
      <class name="runner.Mstock">
        <test-method is-config="true" signature="setUpClass(org.testng.ITestContext)[pri:0, instance:runner.Mstock@4e50c791]" started-at="2025-02-21T17:36:37 IST" name="setUpClass" finished-at="2025-02-21T17:36:38 IST" duration-ms="512" status="PASS">
          <params>
            <param index="0">
              <value>
                <![CDATA[org.testng.TestRunner@769b0752]]>
              </value>
            </param>
          </params>
          <reporter-output>
          </reporter-output>
        </test-method> <!-- setUpClass -->
        <test-method signature="runScenario(io.cucumber.testng.PickleWrapper,io.cucumber.testng.FeatureWrapper)[pri:0, instance:runner.Mstock@4e50c791]" started-at="2025-02-21T17:36:38 IST" name="runScenario" description="Runs Cucumber Scenarios" data-provider="scenarios" finished-at="2025-02-21T17:37:45 IST" duration-ms="67731" status="PASS">
          <params>
            <param index="0">
              <value>
                <![CDATA["To Validate the Mstock Post Login Flow"]]>
              </value>
            </param>
            <param index="1">
              <value>
                <![CDATA["MStock Login functionality"]]>
              </value>
            </param>
          </params>
          <reporter-output>
          </reporter-output>
        </test-method> <!-- runScenario -->
        <test-method is-config="true" signature="tearDownClass()[pri:0, instance:runner.Mstock@4e50c791]" started-at="2025-02-21T17:37:45 IST" name="tearDownClass" finished-at="2025-02-21T17:37:48 IST" duration-ms="2891" status="PASS">
          <reporter-output>
          </reporter-output>
        </test-method> <!-- tearDownClass -->
      </class> <!-- runner.Mstock -->
    </test> <!-- Default test -->
  </suite> <!-- Default suite -->
</testng-results>
