<?xml version="1.0" encoding="UTF-8"?>
<!-- Generated by org.testng.reporters.JUnitReportReporter -->
<testsuite hostname="MACMD770" failures="0" tests="1" name="runner.Mstock" time="39.584" errors="1" timestamp="2025-02-19T14:50:37 IST" skipped="0">
  <testcase classname="runner.Mstock" name="runScenario" time="39.584">
    <error message="element click intercepted: Element &lt;button _ngcontent-xmk-c2=&quot;&quot; class=&quot;subbtn&quot;&gt;...&lt;/button&gt; is not clickable at point (960, 566). Other element would receive the click: &lt;div _ngcontent-xmk-c1=&quot;&quot; class=&quot;ngx-foreground-spinner center-center&quot; style=&quot;color: rgb(83, 83, 83); width: 60px; height: 60px; top: calc(50% + 96px);&quot;&gt;...&lt;/div&gt;
  (Session info: chrome=132.0.6834.110)
Build info: version: &#039;4.25.0&#039;, revision: &#039;8a8aea2337&#039;
System info: os.name: &#039;Windows 11&#039;, os.arch: &#039;amd64&#039;, os.version: &#039;10.0&#039;, java.version: &#039;23.0.1&#039;
Driver info: org.openqa.selenium.chrome.ChromeDriver
Command: [10f0540bcbefcd32c999dbafbfecee56, clickElement {id=f.216CBD4CE17C532075B14355FA38091A.d.CB9D3947219923F780F0087BE7967A45.e.48}]
Capabilities {acceptInsecureCerts: false, browserName: chrome, browserVersion: 132.0.6834.110, chrome: {chromedriverVersion: 132.0.6834.159 (2d77d3fc445..., userDataDir: C:\Users\VIVEK~1.NIT\AppDat...}, fedcm:accounts: true, goog:chromeOptions: {debuggerAddress: localhost:55060}, networkConnectionEnabled: false, pageLoadStrategy: normal, platformName: windows, proxy: Proxy(), se:cdp: ws://localhost:55060/devtoo..., se:cdpVersion: 132.0.6834.110, setWindowRect: true, strictFileInteractability: false, timeouts: {implicit: 0, pageLoad: 300000, script: 30000}, unhandledPromptBehavior: dismiss and notify, webauthn:extension:credBlob: true, webauthn:extension:largeBlob: true, webauthn:extension:minPinLength: true, webauthn:extension:prf: true, webauthn:virtualAuthenticators: true}
Element: [[ChromeDriver: chrome on windows (10f0540bcbefcd32c999dbafbfecee56)] -&gt; xpath: //button[text()=&#039;I understand, continue&#039;]]
Session ID: 10f0540bcbefcd32c999dbafbfecee56" type="org.openqa.selenium.ElementClickInterceptedException">
      <![CDATA[org.openqa.selenium.ElementClickInterceptedException: element click intercepted: Element <button _ngcontent-xmk-c2="" class="subbtn">...</button> is not clickable at point (960, 566). Other element would receive the click: <div _ngcontent-xmk-c1="" class="ngx-foreground-spinner center-center" style="color: rgb(83, 83, 83); width: 60px; height: 60px; top: calc(50% + 96px);">...</div>
  (Session info: chrome=132.0.6834.110)
Build info: version: '4.25.0', revision: '8a8aea2337'
System info: os.name: 'Windows 11', os.arch: 'amd64', os.version: '10.0', java.version: '23.0.1'
Driver info: org.openqa.selenium.chrome.ChromeDriver
Command: [10f0540bcbefcd32c999dbafbfecee56, clickElement {id=f.216CBD4CE17C532075B14355FA38091A.d.CB9D3947219923F780F0087BE7967A45.e.48}]
Capabilities {acceptInsecureCerts: false, browserName: chrome, browserVersion: 132.0.6834.110, chrome: {chromedriverVersion: 132.0.6834.159 (2d77d3fc445..., userDataDir: C:\Users\VIVEK~1.NIT\AppDat...}, fedcm:accounts: true, goog:chromeOptions: {debuggerAddress: localhost:55060}, networkConnectionEnabled: false, pageLoadStrategy: normal, platformName: windows, proxy: Proxy(), se:cdp: ws://localhost:55060/devtoo..., se:cdpVersion: 132.0.6834.110, setWindowRect: true, strictFileInteractability: false, timeouts: {implicit: 0, pageLoad: 300000, script: 30000}, unhandledPromptBehavior: dismiss and notify, webauthn:extension:credBlob: true, webauthn:extension:largeBlob: true, webauthn:extension:minPinLength: true, webauthn:extension:prf: true, webauthn:virtualAuthenticators: true}
Element: [[ChromeDriver: chrome on windows (10f0540bcbefcd32c999dbafbfecee56)] -> xpath: //button[text()='I understand, continue']]
Session ID: 10f0540bcbefcd32c999dbafbfecee56
at java.base/jdk.internal.reflect.DirectConstructorHandleAccessor.newInstance(DirectConstructorHandleAccessor.java:62)
at java.base/java.lang.reflect.Constructor.newInstanceWithCaller(Constructor.java:501)
at java.base/java.lang.reflect.Constructor.newInstance(Constructor.java:485)
at org.openqa.selenium.remote.ErrorCodec.decode(ErrorCodec.java:167)
at org.openqa.selenium.remote.codec.w3c.W3CHttpResponseCodec.decode(W3CHttpResponseCodec.java:138)
at org.openqa.selenium.remote.codec.w3c.W3CHttpResponseCodec.decode(W3CHttpResponseCodec.java:50)
at org.openqa.selenium.remote.HttpCommandExecutor.execute(HttpCommandExecutor.java:190)
at org.openqa.selenium.remote.service.DriverCommandExecutor.invokeExecute(DriverCommandExecutor.java:216)
at org.openqa.selenium.remote.service.DriverCommandExecutor.execute(DriverCommandExecutor.java:174)
at org.openqa.selenium.remote.RemoteWebDriver.execute(RemoteWebDriver.java:545)
at org.openqa.selenium.remote.RemoteWebElement.execute(RemoteWebElement.java:223)
at org.openqa.selenium.remote.RemoteWebElement.click(RemoteWebElement.java:76)
at java.base/jdk.internal.reflect.DirectMethodHandleAccessor.invoke(DirectMethodHandleAccessor.java:103)
at java.base/java.lang.reflect.Method.invoke(Method.java:580)
at org.openqa.selenium.support.pagefactory.internal.LocatingElementHandler.invoke(LocatingElementHandler.java:51)
at jdk.proxy2/jdk.proxy2.$Proxy26.click(Unknown Source)
at Page_Object_Modul.MStock_Login_page.clkcontineus(MStock_Login_page.java:110)
at MStockStep.Mstock_login_Step.the_risk_discloures_page_should_be_open_and_able_to_click_on_continue_button(Mstock_login_Step.java:57)
at ✽.the Risk Discloures page Should be open and able to click on continue button(file:///C:/Users/vivek.nityo/git/New%20folder/MStock_Web/src/main/resources/MStockFeature/MStocklogin.feature:10)
]]>
    </error>
  </testcase> <!-- runScenario -->
  <system-out/>
</testsuite> <!-- runner.Mstock -->
