<?xml version="1.0" encoding="UTF-8"?>
<!-- Generated by org.testng.reporters.JUnitReportReporter -->
<testsuite hostname="MACMD770" failures="0" tests="1" name="runner.Mstock" time="31.086" errors="1" timestamp="2025-02-14T11:35:14 IST" skipped="0">
  <testcase classname="runner.Mstock" name="runScenario" time="31.086">
    <error message="Cannot invoke &quot;org.openqa.selenium.JavascriptExecutor.executeScript(String, Object[])&quot; because &quot;this.Jv&quot; is null" type="java.lang.NullPointerException">
      <![CDATA[java.lang.NullPointerException: Cannot invoke "org.openqa.selenium.JavascriptExecutor.executeScript(String, Object[])" because "this.Jv" is null
at Page_Object_Modul.MStock_Login_page.Scrolling(MStock_Login_page.java:213)
at MStockStep.Mstock_login_Step.verify_the_refer_and_earn(Mstock_login_Step.java:118)
at ✽.verify the refer and Earn(file:///C:/Users/vivek.nityo/git/New%20folder/MStock_Web/src/main/resources/MStockFeature/MStocklogin.feature:23)
]]>
    </error>
  </testcase> <!-- runScenario -->
  <system-out/>
</testsuite> <!-- runner.Mstock -->
