<?xml version="1.0" encoding="UTF-8"?>
<!-- Generated by org.testng.reporters.JUnitReportReporter -->
<testsuite hostname="MACMD770" failures="0" tests="1" name="runner.Mstock" time="47.491" errors="1" timestamp="2025-02-18T17:52:54 IST" skipped="0">
  <testcase classname="runner.Mstock" name="runScenario" time="47.491">
    <error message="element click intercepted: Element &lt;img _ngcontent-pje-c16=&quot;&quot; class=&quot;ng-tns-c16-7&quot; alt=&quot;banner&quot; width=&quot;100%&quot; src=&quot;https://images.mstock.com/Web-images/Portfolio-Page-Banner/1.png&quot;&gt; is not clickable at point (602, 762). Other element would receive the click: &lt;div _ngcontent-pje-c1=&quot;&quot; class=&quot;ngx-overlay foreground-closing&quot; style=&quot;background-color: rgba(40, 40, 40, 0.8); border-radius: 0px;&quot;&gt;...&lt;/div&gt;
  (Session info: chrome=132.0.6834.110)
Build info: version: &#039;4.25.0&#039;, revision: &#039;8a8aea2337&#039;
System info: os.name: &#039;Windows 11&#039;, os.arch: &#039;amd64&#039;, os.version: &#039;10.0&#039;, java.version: &#039;23.0.1&#039;
Driver info: org.openqa.selenium.chrome.ChromeDriver
Command: [a4d8667161b2cb5c7a37ad55693095be, clickElement {id=f.44DFED76F0AAEF46A6A84F672D0AAF33.d.261E17FE3A24ADCADD7894518D4DFDAA.e.214}]
Capabilities {acceptInsecureCerts: false, browserName: chrome, browserVersion: 132.0.6834.110, chrome: {chromedriverVersion: 132.0.6834.159 (2d77d3fc445..., userDataDir: C:\Users\VIVEK~1.NIT\AppDat...}, fedcm:accounts: true, goog:chromeOptions: {debuggerAddress: localhost:57369}, networkConnectionEnabled: false, pageLoadStrategy: normal, platformName: windows, proxy: Proxy(), se:cdp: ws://localhost:57369/devtoo..., se:cdpVersion: 132.0.6834.110, setWindowRect: true, strictFileInteractability: false, timeouts: {implicit: 0, pageLoad: 300000, script: 30000}, unhandledPromptBehavior: dismiss and notify, webauthn:extension:credBlob: true, webauthn:extension:largeBlob: true, webauthn:extension:minPinLength: true, webauthn:extension:prf: true, webauthn:virtualAuthenticators: true}
Element: [[ChromeDriver: chrome on windows (a4d8667161b2cb5c7a37ad55693095be)] -&gt; xpath: //img[@src=&#039;https://images.mstock.com/Web-images/Portfolio-Page-Banner/1.png&#039;]]
Session ID: a4d8667161b2cb5c7a37ad55693095be" type="org.openqa.selenium.ElementClickInterceptedException">
      <![CDATA[org.openqa.selenium.ElementClickInterceptedException: element click intercepted: Element <img _ngcontent-pje-c16="" class="ng-tns-c16-7" alt="banner" width="100%" src="https://images.mstock.com/Web-images/Portfolio-Page-Banner/1.png"> is not clickable at point (602, 762). Other element would receive the click: <div _ngcontent-pje-c1="" class="ngx-overlay foreground-closing" style="background-color: rgba(40, 40, 40, 0.8); border-radius: 0px;">...</div>
  (Session info: chrome=132.0.6834.110)
Build info: version: '4.25.0', revision: '8a8aea2337'
System info: os.name: 'Windows 11', os.arch: 'amd64', os.version: '10.0', java.version: '23.0.1'
Driver info: org.openqa.selenium.chrome.ChromeDriver
Command: [a4d8667161b2cb5c7a37ad55693095be, clickElement {id=f.44DFED76F0AAEF46A6A84F672D0AAF33.d.261E17FE3A24ADCADD7894518D4DFDAA.e.214}]
Capabilities {acceptInsecureCerts: false, browserName: chrome, browserVersion: 132.0.6834.110, chrome: {chromedriverVersion: 132.0.6834.159 (2d77d3fc445..., userDataDir: C:\Users\VIVEK~1.NIT\AppDat...}, fedcm:accounts: true, goog:chromeOptions: {debuggerAddress: localhost:57369}, networkConnectionEnabled: false, pageLoadStrategy: normal, platformName: windows, proxy: Proxy(), se:cdp: ws://localhost:57369/devtoo..., se:cdpVersion: 132.0.6834.110, setWindowRect: true, strictFileInteractability: false, timeouts: {implicit: 0, pageLoad: 300000, script: 30000}, unhandledPromptBehavior: dismiss and notify, webauthn:extension:credBlob: true, webauthn:extension:largeBlob: true, webauthn:extension:minPinLength: true, webauthn:extension:prf: true, webauthn:virtualAuthenticators: true}
Element: [[ChromeDriver: chrome on windows (a4d8667161b2cb5c7a37ad55693095be)] -> xpath: //img[@src='https://images.mstock.com/Web-images/Portfolio-Page-Banner/1.png']]
Session ID: a4d8667161b2cb5c7a37ad55693095be
at java.base/jdk.internal.reflect.DirectConstructorHandleAccessor.newInstance(DirectConstructorHandleAccessor.java:62)
at java.base/java.lang.reflect.Constructor.newInstanceWithCaller(Constructor.java:501)
at java.base/java.lang.reflect.Constructor.newInstance(Constructor.java:485)
at org.openqa.selenium.remote.ErrorCodec.decode(ErrorCodec.java:167)
at org.openqa.selenium.remote.codec.w3c.W3CHttpResponseCodec.decode(W3CHttpResponseCodec.java:138)
at org.openqa.selenium.remote.codec.w3c.W3CHttpResponseCodec.decode(W3CHttpResponseCodec.java:50)
at org.openqa.selenium.remote.HttpCommandExecutor.execute(HttpCommandExecutor.java:190)
at org.openqa.selenium.remote.service.DriverCommandExecutor.invokeExecute(DriverCommandExecutor.java:216)
at org.openqa.selenium.remote.service.DriverCommandExecutor.execute(DriverCommandExecutor.java:174)
at org.openqa.selenium.remote.RemoteWebDriver.execute(RemoteWebDriver.java:545)
at org.openqa.selenium.remote.RemoteWebElement.execute(RemoteWebElement.java:223)
at org.openqa.selenium.remote.RemoteWebElement.click(RemoteWebElement.java:76)
at java.base/jdk.internal.reflect.DirectMethodHandleAccessor.invoke(DirectMethodHandleAccessor.java:103)
at java.base/java.lang.reflect.Method.invoke(Method.java:580)
at org.openqa.selenium.support.pagefactory.internal.LocatingElementHandler.invoke(LocatingElementHandler.java:51)
at jdk.proxy2/jdk.proxy2.$Proxy26.click(Unknown Source)
at Page_Object_Modul.MStock_Login_page.BSE_F_and_O(MStock_Login_page.java:336)
at MStockStep.Mstock_login_Step.to_verify_user_is_able_to_see_the_text_and_is_clickable(Mstock_login_Step.java:187)
at ✽.To verify User is able to see the Text  "BSE F & O LIVE " and is clickable(file:///C:/Users/vivek.nityo/git/New%20folder/MStock_Web/src/main/resources/MStockFeature/MStocklogin.feature:35)
]]>
    </error>
  </testcase> <!-- runScenario -->
  <system-out/>
</testsuite> <!-- runner.Mstock -->
